[kernel] Parsing Slicing/test/cases/loopinv_acsl_forall_zone.c (with preprocessing)
[slicing] slicing requests in progress...
[eva] Analyzing a complete application starting at main
[eva:initial-state] Values of globals at initialization
  t[0..9] ∈ {0}
[eva] Slicing/test/cases/loopinv_acsl_forall_zone.c:10: 
  starting to merge loop iterations
[eva:summary] ====== ANALYSIS SUMMARY ======
  ----------------------------------------------------------------------------
  1 function analyzed (out of 1): 100% coverage.
  In this function, 11 statements reached (out of 11): 100% coverage.
  ----------------------------------------------------------------------------
  No errors or warnings raised during the analysis.
  ----------------------------------------------------------------------------
  0 alarms generated by the analysis.
  ----------------------------------------------------------------------------
  Evaluation of the logical properties reached by the analysis:
    Assertions        3 valid     0 unknown     0 invalid      3 total
    Preconditions     0 valid     0 unknown     0 invalid      0 total
  100% of the logical properties reached have been proven.
  ----------------------------------------------------------------------------
[slicing] initializing slicing ...
[slicing] interpreting slicing requests from the command line...
[kernel] Plug-in slicing aborted: unimplemented feature.
  You may send a feature request at https://git.frama-c.com/pub/frama-c/issues with:
  '[Plug-in slicing] [logic_interp] dependencies of a term lval'.
